[INFO ] 2018-12-09 15:18:46.344 [main] o.s.b.t.c.SpringBootTestContextBootstrapper - Neither @ContextConfiguration nor @ContextHierarchy found for test class [com.xiaopixiong.mall.MallApplicationTests], using SpringBootContextLoader
[INFO ] 2018-12-09 15:18:46.371 [main] o.s.t.c.s.AbstractContextLoader - Could not detect default resource locations for test class [com.xiaopixiong.mall.MallApplicationTests]: no resource found for suffixes {-context.xml, Context.groovy}.
[INFO ] 2018-12-09 15:18:46.374 [main] o.s.t.c.s.AnnotationConfigContextLoaderUtils - Could not detect default configuration classes for test class [com.xiaopixiong.mall.MallApplicationTests]: MallApplicationTests does not declare any static, non-private, non-final, nested classes annotated with @Configuration.
[INFO ] 2018-12-09 15:18:46.648 [main] o.s.b.t.c.SpringBootTestContextBootstrapper - Found @SpringBootConfiguration com.xiaopixiong.mall.MallApplication for test class com.xiaopixiong.mall.MallApplicationTests
[INFO ] 2018-12-09 15:18:47.104 [main] o.s.b.t.c.SpringBootTestContextBootstrapper - Loaded default TestExecutionListener class names from location [META-INF/spring.factories]: [org.springframework.boot.test.mock.mockito.MockitoTestExecutionListener, org.springframework.boot.test.mock.mockito.ResetMocksTestExecutionListener, org.springframework.boot.test.autoconfigure.restdocs.RestDocsTestExecutionListener, org.springframework.boot.test.autoconfigure.web.client.MockRestServiceServerResetTestExecutionListener, org.springframework.boot.test.autoconfigure.web.servlet.MockMvcPrintOnlyOnFailureTestExecutionListener, org.springframework.boot.test.autoconfigure.web.servlet.WebDriverTestExecutionListener, org.springframework.test.context.web.ServletTestExecutionListener, org.springframework.test.context.support.DirtiesContextBeforeModesTestExecutionListener, org.springframework.test.context.support.DependencyInjectionTestExecutionListener, org.springframework.test.context.support.DirtiesContextTestExecutionListener, org.springframework.test.context.transaction.TransactionalTestExecutionListener, org.springframework.test.context.jdbc.SqlScriptsTestExecutionListener]
[INFO ] 2018-12-09 15:18:47.177 [main] o.s.b.t.c.SpringBootTestContextBootstrapper - Using TestExecutionListeners: [org.springframework.test.context.support.DirtiesContextBeforeModesTestExecutionListener@28f3b248, org.springframework.boot.test.mock.mockito.MockitoTestExecutionListener@1b1426f4, org.springframework.boot.test.autoconfigure.SpringBootDependencyInjectionTestExecutionListener@32b260fa, org.springframework.test.context.support.DirtiesContextTestExecutionListener@581ac8a8, org.springframework.test.context.transaction.TransactionalTestExecutionListener@6d4e5011, org.springframework.test.context.jdbc.SqlScriptsTestExecutionListener@57d7f8ca, org.springframework.boot.test.mock.mockito.ResetMocksTestExecutionListener@76c3e77a, org.springframework.boot.test.autoconfigure.restdocs.RestDocsTestExecutionListener@78123e82, org.springframework.boot.test.autoconfigure.web.client.MockRestServiceServerResetTestExecutionListener@67c33749, org.springframework.boot.test.autoconfigure.web.servlet.MockMvcPrintOnlyOnFailureTestExecutionListener@fba92d3, org.springframework.boot.test.autoconfigure.web.servlet.WebDriverTestExecutionListener@662b4c69]
[INFO ] 2018-12-09 15:18:47.929 [main] c.x.mall.MallApplicationTests - Starting MallApplicationTests on houmaolong with PID 10188 (started by houmaolong in C:\Users\houmaolong\Desktop\个人资料\mall)
[INFO ] 2018-12-09 15:18:47.931 [main] c.x.mall.MallApplicationTests - No active profile set, falling back to default profiles: default
[INFO ] 2018-12-09 15:18:48.993 [main] o.s.d.r.c.RepositoryConfigurationDelegate - Multiple Spring Data modules found, entering strict repository configuration mode!
[INFO ] 2018-12-09 15:18:48.999 [main] o.s.d.r.c.RepositoryConfigurationDelegate - Bootstrapping Spring Data repositories in DEFAULT mode.
[INFO ] 2018-12-09 15:18:49.107 [main] o.s.d.r.c.RepositoryConfigurationExtensionSupport - Spring Data Elasticsearch - Could not safely identify store assignment for repository candidate interface com.xiaopixiong.mall.dao.AddressDao.
[INFO ] 2018-12-09 15:18:49.110 [main] o.s.d.r.c.RepositoryConfigurationExtensionSupport - Spring Data Elasticsearch - Could not safely identify store assignment for repository candidate interface com.xiaopixiong.mall.dao.UserDao.
[INFO ] 2018-12-09 15:18:49.111 [main] o.s.d.r.c.RepositoryConfigurationDelegate - Finished Spring Data repository scanning in 101ms. Found 0 repository interfaces.
[INFO ] 2018-12-09 15:18:49.130 [main] o.s.d.r.c.RepositoryConfigurationDelegate - Multiple Spring Data modules found, entering strict repository configuration mode!
[INFO ] 2018-12-09 15:18:49.133 [main] o.s.d.r.c.RepositoryConfigurationDelegate - Bootstrapping Spring Data repositories in DEFAULT mode.
[INFO ] 2018-12-09 15:18:49.422 [main] o.s.d.r.c.RepositoryConfigurationDelegate - Finished Spring Data repository scanning in 283ms. Found 2 repository interfaces.
[INFO ] 2018-12-09 15:18:49.449 [main] o.s.d.r.c.RepositoryConfigurationDelegate - Multiple Spring Data modules found, entering strict repository configuration mode!
[INFO ] 2018-12-09 15:18:49.452 [main] o.s.d.r.c.RepositoryConfigurationDelegate - Bootstrapping Spring Data repositories in DEFAULT mode.
[INFO ] 2018-12-09 15:18:49.500 [main] o.s.d.r.c.RepositoryConfigurationExtensionSupport - Spring Data Redis - Could not safely identify store assignment for repository candidate interface com.xiaopixiong.mall.dao.AddressDao.
[INFO ] 2018-12-09 15:18:49.501 [main] o.s.d.r.c.RepositoryConfigurationExtensionSupport - Spring Data Redis - Could not safely identify store assignment for repository candidate interface com.xiaopixiong.mall.dao.UserDao.
[INFO ] 2018-12-09 15:18:49.501 [main] o.s.d.r.c.RepositoryConfigurationDelegate - Finished Spring Data repository scanning in 30ms. Found 0 repository interfaces.
[INFO ] 2018-12-09 15:18:51.027 [main] o.h.jpa.internal.util.LogHelper - HHH000204: Processing PersistenceUnitInfo [
	name: default
	...]
[INFO ] 2018-12-09 15:18:51.249 [main] org.hibernate.Version - HHH000412: Hibernate Core {5.3.7.Final}
[INFO ] 2018-12-09 15:18:51.254 [main] org.hibernate.cfg.Environment - HHH000206: hibernate.properties not found
[INFO ] 2018-12-09 15:18:51.726 [main] o.h.annotations.common.Version - HCANN000001: Hibernate Commons Annotations {5.0.4.Final}
[INFO ] 2018-12-09 15:18:52.435 [main] com.zaxxer.hikari.HikariDataSource - HikariPool-1 - Starting...
[INFO ] 2018-12-09 15:18:52.754 [main] com.zaxxer.hikari.HikariDataSource - HikariPool-1 - Start completed.
[INFO ] 2018-12-09 15:18:52.792 [main] org.hibernate.dialect.Dialect - HHH000400: Using dialect: org.hibernate.dialect.MySQL5Dialect
[INFO ] 2018-12-09 15:18:54.899 [main] o.s.o.j.LocalContainerEntityManagerFactoryBean - Initialized JPA EntityManagerFactory for persistence unit 'default'
[INFO ] 2018-12-09 15:18:55.732 [main] o.h.h.i.QueryTranslatorFactoryInitiator - HHH000397: Using ASTQueryTranslatorFactory
[INFO ] 2018-12-09 15:18:58.765 [main] c.x.mall.MallApplicationTests - Started MallApplicationTests in 11.48 seconds (JVM running for 14.674)
[INFO ] 2018-12-09 15:18:59.109 [Thread-2] o.s.o.j.LocalContainerEntityManagerFactoryBean - Closing JPA EntityManagerFactory for persistence unit 'default'
[INFO ] 2018-12-09 15:18:59.117 [Thread-2] com.zaxxer.hikari.HikariDataSource - HikariPool-1 - Shutdown initiated...
[INFO ] 2018-12-09 15:18:59.129 [Thread-2] com.zaxxer.hikari.HikariDataSource - HikariPool-1 - Shutdown completed.
