[INFO ] 2018-12-07 13:17:53.833 [main] o.s.b.t.c.SpringBootTestContextBootstrapper - Neither @ContextConfiguration nor @ContextHierarchy found for test class [com.xiaopixiong.mall.MallApplicationTests], using SpringBootContextLoader
[INFO ] 2018-12-07 13:17:53.847 [main] o.s.t.c.s.AbstractContextLoader - Could not detect default resource locations for test class [com.xiaopixiong.mall.MallApplicationTests]: no resource found for suffixes {-context.xml, Context.groovy}.
[INFO ] 2018-12-07 13:17:53.849 [main] o.s.t.c.s.AnnotationConfigContextLoaderUtils - Could not detect default configuration classes for test class [com.xiaopixiong.mall.MallApplicationTests]: MallApplicationTests does not declare any static, non-private, non-final, nested classes annotated with @Configuration.
[INFO ] 2018-12-07 13:17:54.070 [main] o.s.b.t.c.SpringBootTestContextBootstrapper - Found @SpringBootConfiguration com.xiaopixiong.mall.MallApplication for test class com.xiaopixiong.mall.MallApplicationTests
[INFO ] 2018-12-07 13:17:54.343 [main] o.s.b.t.c.SpringBootTestContextBootstrapper - Loaded default TestExecutionListener class names from location [META-INF/spring.factories]: [org.springframework.boot.test.mock.mockito.MockitoTestExecutionListener, org.springframework.boot.test.mock.mockito.ResetMocksTestExecutionListener, org.springframework.boot.test.autoconfigure.restdocs.RestDocsTestExecutionListener, org.springframework.boot.test.autoconfigure.web.client.MockRestServiceServerResetTestExecutionListener, org.springframework.boot.test.autoconfigure.web.servlet.MockMvcPrintOnlyOnFailureTestExecutionListener, org.springframework.boot.test.autoconfigure.web.servlet.WebDriverTestExecutionListener, org.springframework.test.context.web.ServletTestExecutionListener, org.springframework.test.context.support.DirtiesContextBeforeModesTestExecutionListener, org.springframework.test.context.support.DependencyInjectionTestExecutionListener, org.springframework.test.context.support.DirtiesContextTestExecutionListener, org.springframework.test.context.transaction.TransactionalTestExecutionListener, org.springframework.test.context.jdbc.SqlScriptsTestExecutionListener]
[INFO ] 2018-12-07 13:17:54.383 [main] o.s.b.t.c.SpringBootTestContextBootstrapper - Using TestExecutionListeners: [org.springframework.test.context.support.DirtiesContextBeforeModesTestExecutionListener@483f6d77, org.springframework.boot.test.mock.mockito.MockitoTestExecutionListener@7e5afaa6, org.springframework.boot.test.autoconfigure.SpringBootDependencyInjectionTestExecutionListener@63a12c68, org.springframework.test.context.support.DirtiesContextTestExecutionListener@28f3b248, org.springframework.test.context.transaction.TransactionalTestExecutionListener@1b1426f4, org.springframework.test.context.jdbc.SqlScriptsTestExecutionListener@32b260fa, org.springframework.boot.test.mock.mockito.ResetMocksTestExecutionListener@581ac8a8, org.springframework.boot.test.autoconfigure.restdocs.RestDocsTestExecutionListener@6d4e5011, org.springframework.boot.test.autoconfigure.web.client.MockRestServiceServerResetTestExecutionListener@57d7f8ca, org.springframework.boot.test.autoconfigure.web.servlet.MockMvcPrintOnlyOnFailureTestExecutionListener@76c3e77a, org.springframework.boot.test.autoconfigure.web.servlet.WebDriverTestExecutionListener@78123e82]
[INFO ] 2018-12-07 13:17:55.105 [main] c.x.mall.MallApplicationTests - Starting MallApplicationTests on houmaolong with PID 15772 (started by houmaolong in C:\Users\houmaolong\Desktop\个人资料\mall)
[INFO ] 2018-12-07 13:17:55.108 [main] c.x.mall.MallApplicationTests - No active profile set, falling back to default profiles: default
[INFO ] 2018-12-07 13:17:56.052 [main] o.s.d.r.c.RepositoryConfigurationDelegate - Multiple Spring Data modules found, entering strict repository configuration mode!
[INFO ] 2018-12-07 13:17:56.057 [main] o.s.d.r.c.RepositoryConfigurationDelegate - Bootstrapping Spring Data repositories in DEFAULT mode.
[INFO ] 2018-12-07 13:17:56.141 [main] o.s.d.r.c.RepositoryConfigurationExtensionSupport - Spring Data Elasticsearch - Could not safely identify store assignment for repository candidate interface com.xiaopixiong.mall.domain.UserRepository.
[INFO ] 2018-12-07 13:17:56.143 [main] o.s.d.r.c.RepositoryConfigurationDelegate - Finished Spring Data repository scanning in 76ms. Found 0 repository interfaces.
[INFO ] 2018-12-07 13:17:56.164 [main] o.s.d.r.c.RepositoryConfigurationDelegate - Multiple Spring Data modules found, entering strict repository configuration mode!
[INFO ] 2018-12-07 13:17:56.166 [main] o.s.d.r.c.RepositoryConfigurationDelegate - Bootstrapping Spring Data repositories in DEFAULT mode.
[INFO ] 2018-12-07 13:17:56.395 [main] o.s.d.r.c.RepositoryConfigurationDelegate - Finished Spring Data repository scanning in 221ms. Found 1 repository interfaces.
[INFO ] 2018-12-07 13:17:56.419 [main] o.s.d.r.c.RepositoryConfigurationDelegate - Multiple Spring Data modules found, entering strict repository configuration mode!
[INFO ] 2018-12-07 13:17:56.421 [main] o.s.d.r.c.RepositoryConfigurationDelegate - Bootstrapping Spring Data repositories in DEFAULT mode.
[INFO ] 2018-12-07 13:17:56.448 [main] o.s.d.r.c.RepositoryConfigurationExtensionSupport - Spring Data Redis - Could not safely identify store assignment for repository candidate interface com.xiaopixiong.mall.domain.UserRepository.
[INFO ] 2018-12-07 13:17:56.448 [main] o.s.d.r.c.RepositoryConfigurationDelegate - Finished Spring Data repository scanning in 13ms. Found 0 repository interfaces.
[INFO ] 2018-12-07 13:17:57.644 [main] com.zaxxer.hikari.HikariDataSource - HikariPool-1 - Starting...
[INFO ] 2018-12-07 13:17:57.914 [main] com.zaxxer.hikari.HikariDataSource - HikariPool-1 - Start completed.
[INFO ] 2018-12-07 13:17:58.072 [main] o.h.jpa.internal.util.LogHelper - HHH000204: Processing PersistenceUnitInfo [
	name: default
	...]
[INFO ] 2018-12-07 13:17:58.278 [main] org.hibernate.Version - HHH000412: Hibernate Core {5.3.7.Final}
[INFO ] 2018-12-07 13:17:58.283 [main] org.hibernate.cfg.Environment - HHH000206: hibernate.properties not found
[INFO ] 2018-12-07 13:17:58.634 [main] o.h.annotations.common.Version - HCANN000001: Hibernate Commons Annotations {5.0.4.Final}
[INFO ] 2018-12-07 13:17:59.295 [main] org.hibernate.dialect.Dialect - HHH000400: Using dialect: org.hibernate.dialect.MySQL5Dialect
[INFO ] 2018-12-07 13:18:00.775 [main] o.s.o.j.LocalContainerEntityManagerFactoryBean - Initialized JPA EntityManagerFactory for persistence unit 'default'
[INFO ] 2018-12-07 13:18:03.786 [main] c.x.mall.MallApplicationTests - Started MallApplicationTests in 9.309 seconds (JVM running for 11.632)
[INFO ] 2018-12-07 13:18:04.302 [Thread-2] o.s.o.j.LocalContainerEntityManagerFactoryBean - Closing JPA EntityManagerFactory for persistence unit 'default'
[INFO ] 2018-12-07 13:18:04.307 [Thread-2] com.zaxxer.hikari.HikariDataSource - HikariPool-1 - Shutdown initiated...
[INFO ] 2018-12-07 13:18:04.317 [Thread-2] com.zaxxer.hikari.HikariDataSource - HikariPool-1 - Shutdown completed.
